<?xml version="1.0" encoding="UTF-8"?>
<!-- Generated by org.testng.reporters.JUnitReportReporter -->
<testsuite hostname="Div" failures="0" tests="1" name="test_cases.Insta_Liker" time="202.535" errors="0" timestamp="2023-08-28T17:03:19 IST" skipped="0">
  <testcase classname="test_cases.Insta_Liker" name="like" time="202.535"/>
  <system-out/>
</testsuite> <!-- test_cases.Insta_Liker -->
